Base path: 'C:/Program Files/Unity/Hub/Editor/2019.2.1f1/Editor/Data', plugins path 'C:/Program Files/Unity/Hub/Editor/2019.2.1f1/Editor/Data/PlaybackEngines'
Cmd: initializeCompiler
Cmd: compileSnippet
  api=4 type=0 insize=16611 outsize=5666 kw=_SUNDISK_SIMPLE pd=UNITY_ENABLE_REFLECTION_BUFFERS UNITY_USE_DITHER_MASK_FOR_ALPHABLENDED_SHADOWS UNITY_PBS_USE_BRDF1 UNITY_SPECCUBE_BOX_PROJECTION UNITY_SPECCUBE_BLENDING UNITY_ENABLE_DETAIL_NORMALMAP SHADER_API_DESKTOP UNITY_COLORSPACE_GAMMA UNITY_LIGHT_PROBE_PROXY_VOLUME UNITY_LIGHTMAP_FULL_HDR ok=1
Cmd: compileComputeKernel
  api=4 insize=12270 outsize=1004 ok=1
Cmd: compileComputeKernel
  api=4 insize=12270 outsize=1103 ok=1
Cmd: compileComputeKernel
  api=4 insize=12270 outsize=2118 ok=1
Cmd: compileComputeKernel
  api=4 insize=12270 outsize=1789 ok=1
Cmd: compileComputeKernel
  api=4 insize=12270 outsize=1194 ok=1
Cmd: compileComputeKernel
  api=4 insize=12270 outsize=1170 ok=1
Cmd: compileComputeKernel
  api=4 insize=12270 outsize=1349 ok=1
Cmd: compileComputeKernel
  api=4 insize=64076 outsize=7569 ok=1
Cmd: compileComputeKernel
  api=4 insize=4482 outsize=1831 ok=1
Cmd: compileComputeKernel
  api=4 insize=4482 outsize=1831 ok=1
Cmd: compileComputeKernel
  api=4 insize=23621 outsize=12128 ok=1
Cmd: compileComputeKernel
  api=4 insize=2952 outsize=226 ok=1
Cmd: compileComputeKernel
  api=4 insize=27408 outsize=2690 ok=1
Cmd: compileComputeKernel
  api=4 insize=27408 outsize=1416 ok=1
Cmd: compileComputeKernel
  api=4 insize=27408 outsize=1309 ok=1
Cmd: compileComputeKernel
  api=4 insize=27408 outsize=1616 ok=1
Cmd: compileComputeKernel
  api=4 insize=27408 outsize=1450 ok=1
Cmd: compileComputeKernel
  api=4 insize=27408 outsize=1762 ok=1
Cmd: compileComputeKernel
  api=4 insize=27408 outsize=1831 ok=1
Cmd: compileComputeKernel
  api=4 insize=27408 outsize=1831 ok=1
Cmd: compileComputeKernel
  api=4 insize=27408 outsize=1326 ok=1
Cmd: compileComputeKernel
  api=4 insize=27408 outsize=2485 ok=1
Cmd: compileComputeKernel
  api=4 insize=20360 outsize=801 ok=1
Cmd: compileComputeKernel
  api=4 insize=20360 outsize=849 ok=1
Cmd: compileComputeKernel
  api=4 insize=20360 outsize=945 ok=1
Cmd: compileComputeKernel
  api=4 insize=20360 outsize=791 ok=1
Cmd: compileComputeKernel
  api=4 insize=20360 outsize=1257 ok=1
Cmd: compileComputeKernel
  api=4 insize=20360 outsize=1306 ok=1
Cmd: compileComputeKernel
  api=4 insize=20360 outsize=1426 ok=1
Cmd: compileComputeKernel
  api=4 insize=20360 outsize=1331 ok=1
Cmd: compileComputeKernel
  api=4 insize=20360 outsize=1305 ok=1
Cmd: compileComputeKernel
  api=4 insize=20360 outsize=1344 ok=1
Cmd: compileComputeKernel
  api=4 insize=20360 outsize=1273 ok=1
Cmd: compileComputeKernel
  api=4 insize=20360 outsize=1273 ok=1
Cmd: compileSnippet
  api=4 type=1 insize=11846 outsize=5706 kw=SHADOWS_SPLIT_SPHERES pd=UNITY_ENABLE_REFLECTION_BUFFERS UNITY_USE_DITHER_MASK_FOR_ALPHABLENDED_SHADOWS UNITY_PBS_USE_BRDF1 UNITY_SPECCUBE_BOX_PROJECTION UNITY_SPECCUBE_BLENDING UNITY_ENABLE_DETAIL_NORMALMAP SHADER_API_DESKTOP UNITY_COLORSPACE_GAMMA UNITY_LIGHT_PROBE_PROXY_VOLUME UNITY_LIGHTMAP_FULL_HDR ok=1
Unhandled exception: Protocol error - unexpected end of data (did the Editor crash?)

Quitting shader compiler process
