Base path: 'C:/Program Files/Unity/Hub/Editor/2019.2.1f1/Editor/Data', plugins path 'C:/Program Files/Unity/Hub/Editor/2019.2.1f1/Editor/Data/PlaybackEngines'
Cmd: initializeCompiler
Cmd: compileComputeKernel
  api=4 insize=12270 outsize=1476 ok=1
Cmd: compileComputeKernel
  api=4 insize=64076 outsize=7425 ok=1
Cmd: compileComputeKernel
  api=4 insize=4482 outsize=1831 ok=1
Cmd: compileComputeKernel
  api=4 insize=4482 outsize=1831 ok=1
Cmd: compileComputeKernel
  api=4 insize=23621 outsize=6172 ok=1
Cmd: compileComputeKernel
  api=4 insize=23621 outsize=4092 ok=1
Cmd: compileComputeKernel
  api=4 insize=23621 outsize=3252 ok=1
Cmd: compileComputeKernel
  api=4 insize=27408 outsize=2895 ok=1
Cmd: compileComputeKernel
  api=4 insize=27408 outsize=2062 ok=1
Cmd: compileComputeKernel
  api=4 insize=27408 outsize=1595 ok=1
Cmd: compileComputeKernel
  api=4 insize=27408 outsize=1449 ok=1
Cmd: compileComputeKernel
  api=4 insize=27408 outsize=1306 ok=1
Cmd: compileComputeKernel
  api=4 insize=27408 outsize=1296 ok=1
Cmd: compileComputeKernel
  api=4 insize=27408 outsize=1831 ok=1
Cmd: compileComputeKernel
  api=4 insize=27408 outsize=2271 ok=1
Cmd: compileComputeKernel
  api=4 insize=27408 outsize=1326 ok=1
Cmd: compileComputeKernel
  api=4 insize=27408 outsize=2226 ok=1
Cmd: compileComputeKernel
  api=4 insize=20360 outsize=804 ok=1
Cmd: compileComputeKernel
  api=4 insize=20360 outsize=754 ok=1
Cmd: compileComputeKernel
  api=4 insize=20360 outsize=863 ok=1
Cmd: compileComputeKernel
  api=4 insize=20360 outsize=839 ok=1
Cmd: compileComputeKernel
  api=4 insize=20360 outsize=791 ok=1
Cmd: compileComputeKernel
  api=4 insize=20360 outsize=1286 ok=1
Cmd: compileComputeKernel
  api=4 insize=20360 outsize=1283 ok=1
Cmd: compileComputeKernel
  api=4 insize=20360 outsize=1386 ok=1
Cmd: compileComputeKernel
  api=4 insize=20360 outsize=1291 ok=1
Cmd: compileComputeKernel
  api=4 insize=20360 outsize=1450 ok=1
Cmd: compileComputeKernel
  api=4 insize=20360 outsize=1321 ok=1
Cmd: compileComputeKernel
  api=4 insize=20360 outsize=1233 ok=1
Cmd: compileComputeKernel
  api=4 insize=20360 outsize=1233 ok=1
Cmd: compileComputeKernel
  api=4 insize=20360 outsize=1739 ok=1
Cmd: compileSnippet
  api=4 type=0 insize=11846 outsize=1258 kw=SHADOWS_SPLIT_SPHERES pd=UNITY_ENABLE_REFLECTION_BUFFERS UNITY_USE_DITHER_MASK_FOR_ALPHABLENDED_SHADOWS UNITY_PBS_USE_BRDF1 UNITY_SPECCUBE_BOX_PROJECTION UNITY_SPECCUBE_BLENDING UNITY_ENABLE_DETAIL_NORMALMAP SHADER_API_DESKTOP UNITY_COLORSPACE_GAMMA UNITY_LIGHT_PROBE_PROXY_VOLUME UNITY_LIGHTMAP_FULL_HDR ok=1
Cmd: compileSnippet
  api=4 type=1 insize=1596 outsize=7190 kw=UNITY_PASS_FORWARDBASE DIRECTIONAL SHADOWS_SCREEN LIGHTPROBE_SH pd=UNITY_ENABLE_REFLECTION_BUFFERS UNITY_USE_DITHER_MASK_FOR_ALPHABLENDED_SHADOWS UNITY_PBS_USE_BRDF1 UNITY_SPECCUBE_BOX_PROJECTION UNITY_SPECCUBE_BLENDING UNITY_ENABLE_DETAIL_NORMALMAP SHADER_API_DESKTOP UNITY_COLORSPACE_GAMMA UNITY_LIGHT_PROBE_PROXY_VOLUME UNITY_LIGHTMAP_FULL_HDR ok=1
Unhandled exception: Protocol error - unexpected end of data (did the Editor crash?)

Quitting shader compiler process
